<?xml version="1.0" encoding="UTF-8"?>
<testsuite name="test.BookTest" time="1.047" tests="4" errors="2" skipped="0" failures="0">
  <properties>
[...]
</properties>
  <testcase name="emptyCsvReturnsErrorMessage" classname="test.BookTest" time="0.814">
    <error message="Index 1 out of bounds for length 1" type="java.lang.ArrayIndexOutOfBoundsException">java.lang.ArrayIndexOutOfBoundsException: Index 1 out of bounds for length 1
	at org.classes.CsvReader.createBook(CsvReader.java:62)
	at org.classes.CsvReader.readBooksFromCSV(CsvReader.java:38)
	at test.BookTest.emptyCsvReturnsErrorMessage(BookTest.java:93)
</error>
  </testcase>
  <testcase name="testPrinter" classname="test.BookTest" time="0.147"/>
  <testcase name="testBooksBySameAuthor" classname="test.BookTest" time="0.042"/>
  <testcase name="testCsvReader" classname="test.BookTest" time="0.044">
    <error message="Index 0 out of bounds for length 0" type="java.lang.IndexOutOfBoundsException">java.lang.IndexOutOfBoundsException: Index 0 out of bounds for length 0
	at java.base/jdk.internal.util.Preconditions.outOfBounds(Preconditions.java:64)
	at java.base/jdk.internal.util.Preconditions.outOfBoundsCheckIndex(Preconditions.java:70)
	at java.base/jdk.internal.util.Preconditions.checkIndex(Preconditions.java:266)
	at java.base/java.util.Objects.checkIndex(Objects.java:359)
	at java.base/java.util.ArrayList.get(ArrayList.java:427)
	at test.BookTest.testCsvReader(BookTest.java:41)
</error>
  </testcase>
</testsuite>